<?xml version="1.0" encoding="UTF-8"?>
<testsuite name="com.cabtrip.CabTripAppTest" tests="1" skipped="0" failures="0" errors="0" timestamp="2020-08-14T14:14:59" hostname="LIANGJINGs-iMac.local" time="1.749">
  <properties/>
  <testcase name="shouldGetUser" classname="com.cabtrip.CabTripAppTest" time="1.749"/>
  <system-out><![CDATA[00:14:53.084 [Test worker] DEBUG org.springframework.test.context.junit4.SpringJUnit4ClassRunner - SpringJUnit4ClassRunner constructor called with [class com.cabtrip.CabTripAppTest]
00:14:53.091 [Test worker] DEBUG org.springframework.test.context.BootstrapUtils - Instantiating CacheAwareContextLoaderDelegate from class [org.springframework.test.context.cache.DefaultCacheAwareContextLoaderDelegate]
00:14:53.109 [Test worker] DEBUG org.springframework.test.context.BootstrapUtils - Instantiating BootstrapContext using constructor [public org.springframework.test.context.support.DefaultBootstrapContext(java.lang.Class,org.springframework.test.context.CacheAwareContextLoaderDelegate)]
00:14:53.149 [Test worker] DEBUG org.springframework.test.context.BootstrapUtils - Instantiating TestContextBootstrapper for test class [com.cabtrip.CabTripAppTest] from class [org.springframework.boot.test.context.SpringBootTestContextBootstrapper]
00:14:53.192 [Test worker] INFO org.springframework.boot.test.context.SpringBootTestContextBootstrapper - Neither @ContextConfiguration nor @ContextHierarchy found for test class [com.cabtrip.CabTripAppTest], using SpringBootContextLoader
00:14:53.195 [Test worker] DEBUG org.springframework.test.context.support.AbstractContextLoader - Did not detect default resource location for test class [com.cabtrip.CabTripAppTest]: class path resource [com/cabtrip/CabTripAppTest-context.xml] does not exist
00:14:53.195 [Test worker] DEBUG org.springframework.test.context.support.AbstractContextLoader - Did not detect default resource location for test class [com.cabtrip.CabTripAppTest]: class path resource [com/cabtrip/CabTripAppTestContext.groovy] does not exist
00:14:53.196 [Test worker] INFO org.springframework.test.context.support.AbstractContextLoader - Could not detect default resource locations for test class [com.cabtrip.CabTripAppTest]: no resource found for suffixes {-context.xml, Context.groovy}.
00:14:53.197 [Test worker] INFO org.springframework.test.context.support.AnnotationConfigContextLoaderUtils - Could not detect default configuration classes for test class [com.cabtrip.CabTripAppTest]: CabTripAppTest does not declare any static, non-private, non-final, nested classes annotated with @Configuration.
00:14:53.288 [Test worker] DEBUG org.springframework.test.context.support.ActiveProfilesUtils - Could not find an 'annotation declaring class' for annotation type [org.springframework.test.context.ActiveProfiles] and class [com.cabtrip.CabTripAppTest]
00:14:53.395 [Test worker] DEBUG org.springframework.context.annotation.ClassPathScanningCandidateComponentProvider - Identified candidate component class: file [/Users/liangjingding/Work/cabtripapp/build/classes/java/main/com/cabtrip/CabTripApplication.class]
00:14:53.396 [Test worker] INFO org.springframework.boot.test.context.SpringBootTestContextBootstrapper - Found @SpringBootConfiguration com.cabtrip.CabTripApplication for test class com.cabtrip.CabTripAppTest
00:14:53.582 [Test worker] DEBUG org.springframework.boot.test.context.SpringBootTestContextBootstrapper - @TestExecutionListeners is not present for class [com.cabtrip.CabTripAppTest]: using defaults.
00:14:53.583 [Test worker] INFO org.springframework.boot.test.context.SpringBootTestContextBootstrapper - Loaded default TestExecutionListener class names from location [META-INF/spring.factories]: [org.springframework.boot.test.autoconfigure.restdocs.RestDocsTestExecutionListener, org.springframework.boot.test.autoconfigure.web.client.MockRestServiceServerResetTestExecutionListener, org.springframework.boot.test.autoconfigure.web.servlet.MockMvcPrintOnlyOnFailureTestExecutionListener, org.springframework.boot.test.autoconfigure.web.servlet.WebDriverTestExecutionListener, org.springframework.boot.test.autoconfigure.webservices.client.MockWebServiceServerTestExecutionListener, org.springframework.boot.test.mock.mockito.MockitoTestExecutionListener, org.springframework.boot.test.mock.mockito.ResetMocksTestExecutionListener, org.springframework.test.context.web.ServletTestExecutionListener, org.springframework.test.context.support.DirtiesContextBeforeModesTestExecutionListener, org.springframework.test.context.support.DependencyInjectionTestExecutionListener, org.springframework.test.context.support.DirtiesContextTestExecutionListener, org.springframework.test.context.transaction.TransactionalTestExecutionListener, org.springframework.test.context.jdbc.SqlScriptsTestExecutionListener, org.springframework.test.context.event.EventPublishingTestExecutionListener]
00:14:53.623 [Test worker] INFO org.springframework.boot.test.context.SpringBootTestContextBootstrapper - Using TestExecutionListeners: [org.springframework.test.context.web.ServletTestExecutionListener@1e7520c0, org.springframework.test.context.support.DirtiesContextBeforeModesTestExecutionListener@5991006d, org.springframework.boot.test.mock.mockito.MockitoTestExecutionListener@dee56c8, org.springframework.boot.test.autoconfigure.SpringBootDependencyInjectionTestExecutionListener@7f39532d, org.springframework.test.context.support.DirtiesContextTestExecutionListener@487d0f2a, org.springframework.test.context.transaction.TransactionalTestExecutionListener@19befc20, org.springframework.test.context.jdbc.SqlScriptsTestExecutionListener@6619b1c9, org.springframework.test.context.event.EventPublishingTestExecutionListener@530c361c, org.springframework.boot.test.autoconfigure.restdocs.RestDocsTestExecutionListener@73a86708, org.springframework.boot.test.autoconfigure.web.client.MockRestServiceServerResetTestExecutionListener@1d19daa1, org.springframework.boot.test.autoconfigure.web.servlet.MockMvcPrintOnlyOnFailureTestExecutionListener@36a5b732, org.springframework.boot.test.autoconfigure.web.servlet.WebDriverTestExecutionListener@42bdb2c, org.springframework.boot.test.autoconfigure.webservices.client.MockWebServiceServerTestExecutionListener@340b6c86, org.springframework.boot.test.mock.mockito.ResetMocksTestExecutionListener@67146474]
00:14:53.625 [Test worker] DEBUG org.springframework.test.annotation.ProfileValueUtils - Retrieved @ProfileValueSourceConfiguration [null] for test class [com.cabtrip.CabTripAppTest]
00:14:53.626 [Test worker] DEBUG org.springframework.test.annotation.ProfileValueUtils - Retrieved ProfileValueSource type [class org.springframework.test.annotation.SystemProfileValueSource] for class [com.cabtrip.CabTripAppTest]
00:14:53.627 [Test worker] DEBUG org.springframework.test.annotation.ProfileValueUtils - Retrieved @ProfileValueSourceConfiguration [null] for test class [com.cabtrip.CabTripAppTest]
00:14:53.627 [Test worker] DEBUG org.springframework.test.annotation.ProfileValueUtils - Retrieved ProfileValueSource type [class org.springframework.test.annotation.SystemProfileValueSource] for class [com.cabtrip.CabTripAppTest]
00:14:53.629 [Test worker] DEBUG org.springframework.test.annotation.ProfileValueUtils - Retrieved @ProfileValueSourceConfiguration [null] for test class [com.cabtrip.CabTripAppTest]
00:14:53.629 [Test worker] DEBUG org.springframework.test.annotation.ProfileValueUtils - Retrieved ProfileValueSource type [class org.springframework.test.annotation.SystemProfileValueSource] for class [com.cabtrip.CabTripAppTest]
00:14:53.629 [Test worker] DEBUG org.springframework.test.annotation.ProfileValueUtils - Retrieved @ProfileValueSourceConfiguration [null] for test class [com.cabtrip.CabTripAppTest]
00:14:53.630 [Test worker] DEBUG org.springframework.test.annotation.ProfileValueUtils - Retrieved ProfileValueSource type [class org.springframework.test.annotation.SystemProfileValueSource] for class [com.cabtrip.CabTripAppTest]
00:14:53.634 [Test worker] DEBUG org.springframework.test.context.support.AbstractDirtiesContextTestExecutionListener - Before test class: context [DefaultTestContext@77d468 testClass = CabTripAppTest, testInstance = [null], testMethod = [null], testException = [null], mergedContextConfiguration = [WebMergedContextConfiguration@8e742ae testClass = CabTripAppTest, locations = '{}', classes = '{class com.cabtrip.CabTripApplication}', contextInitializerClasses = '[]', activeProfiles = '{}', propertySourceLocations = '{}', propertySourceProperties = '{org.springframework.boot.test.context.SpringBootTestContextBootstrapper=true, server.port=0}', contextCustomizers = set[org.springframework.boot.test.autoconfigure.properties.PropertyMappingContextCustomizer@0, org.springframework.boot.test.autoconfigure.web.servlet.WebDriverContextCustomizerFactory$Customizer@4da07a2b, org.springframework.boot.test.context.filter.ExcludeFilterContextCustomizer@7a5d4aee, org.springframework.boot.test.json.DuplicateJsonObjectContextCustomizerFactory$DuplicateJsonObjectContextCustomizer@4e981838, org.springframework.boot.test.mock.mockito.MockitoContextCustomizer@0, org.springframework.boot.test.web.client.TestRestTemplateContextCustomizer@7f57853b, org.springframework.boot.test.context.SpringBootTestArgs@1], resourceBasePath = 'src/main/webapp', contextLoader = 'org.springframework.boot.test.context.SpringBootContextLoader', parent = [null]], attributes = map['org.springframework.test.context.web.ServletTestExecutionListener.activateListener' -> false]], class annotated with @DirtiesContext [false] with mode [null].
00:14:53.636 [Test worker] DEBUG org.springframework.test.annotation.ProfileValueUtils - Retrieved @ProfileValueSourceConfiguration [null] for test class [com.cabtrip.CabTripAppTest]
00:14:53.636 [Test worker] DEBUG org.springframework.test.annotation.ProfileValueUtils - Retrieved ProfileValueSource type [class org.springframework.test.annotation.SystemProfileValueSource] for class [com.cabtrip.CabTripAppTest]
00:14:53.655 [Test worker] DEBUG org.springframework.test.context.support.DependencyInjectionTestExecutionListener - Performing dependency injection for test context [[DefaultTestContext@77d468 testClass = CabTripAppTest, testInstance = com.cabtrip.CabTripAppTest@4ec1d967, testMethod = [null], testException = [null], mergedContextConfiguration = [WebMergedContextConfiguration@8e742ae testClass = CabTripAppTest, locations = '{}', classes = '{class com.cabtrip.CabTripApplication}', contextInitializerClasses = '[]', activeProfiles = '{}', propertySourceLocations = '{}', propertySourceProperties = '{org.springframework.boot.test.context.SpringBootTestContextBootstrapper=true, server.port=0}', contextCustomizers = set[org.springframework.boot.test.autoconfigure.properties.PropertyMappingContextCustomizer@0, org.springframework.boot.test.autoconfigure.web.servlet.WebDriverContextCustomizerFactory$Customizer@4da07a2b, org.springframework.boot.test.context.filter.ExcludeFilterContextCustomizer@7a5d4aee, org.springframework.boot.test.json.DuplicateJsonObjectContextCustomizerFactory$DuplicateJsonObjectContextCustomizer@4e981838, org.springframework.boot.test.mock.mockito.MockitoContextCustomizer@0, org.springframework.boot.test.web.client.TestRestTemplateContextCustomizer@7f57853b, org.springframework.boot.test.context.SpringBootTestArgs@1], resourceBasePath = 'src/main/webapp', contextLoader = 'org.springframework.boot.test.context.SpringBootContextLoader', parent = [null]], attributes = map['org.springframework.test.context.web.ServletTestExecutionListener.activateListener' -> false]]].
00:14:53.749 [Test worker] DEBUG org.springframework.test.context.support.TestPropertySourceUtils - Adding inlined properties to environment: {spring.jmx.enabled=false, org.springframework.boot.test.context.SpringBootTestContextBootstrapper=true, server.port=0}

  .   ____          _            __ _ _
 /\\ / ___'_ __ _ _(_)_ __  __ _ \ \ \ \
( ( )\___ | '_ | '_| | '_ \/ _` | \ \ \ \
 \\/  ___)| |_)| | | | | || (_| |  ) ) ) )
  '  |____| .__|_| |_|_| |_\__, | / / / /
 =========|_|==============|___/=/_/_/_/
 :: Spring Boot ::        (v2.3.1.RELEASE)

2020-08-15 00:14:54.931  INFO 17818 --- [    Test worker] com.cabtrip.CabTripAppTest               : Starting CabTripAppTest on LIANGJINGs-iMac with PID 17818 (started by liangjingding in /Users/liangjingding/Work/cabtripapp)
2020-08-15 00:14:54.933  INFO 17818 --- [    Test worker] com.cabtrip.CabTripAppTest               : No active profile set, falling back to default profiles: default
2020-08-15 00:14:56.079  INFO 17818 --- [    Test worker] .s.d.r.c.RepositoryConfigurationDelegate : Bootstrapping Spring Data JDBC repositories in DEFAULT mode.
2020-08-15 00:14:56.105  INFO 17818 --- [    Test worker] .s.d.r.c.RepositoryConfigurationDelegate : Finished Spring Data repository scanning in 13ms. Found 0 JDBC repository interfaces.
2020-08-15 00:14:57.221  INFO 17818 --- [    Test worker] o.s.b.w.embedded.tomcat.TomcatWebServer  : Tomcat initialized with port(s): 0 (http)
2020-08-15 00:14:57.237  INFO 17818 --- [    Test worker] o.apache.catalina.core.StandardService   : Starting service [Tomcat]
2020-08-15 00:14:57.238  INFO 17818 --- [    Test worker] org.apache.catalina.core.StandardEngine  : Starting Servlet engine: [Apache Tomcat/9.0.36]
2020-08-15 00:14:57.399  INFO 17818 --- [    Test worker] o.a.c.c.C.[Tomcat].[localhost].[/]       : Initializing Spring embedded WebApplicationContext
2020-08-15 00:14:57.399  INFO 17818 --- [    Test worker] w.s.c.ServletWebServerApplicationContext : Root WebApplicationContext: initialization completed in 2448 ms
2020-08-15 00:14:58.000  INFO 17818 --- [    Test worker] o.s.s.concurrent.ThreadPoolTaskExecutor  : Initializing ExecutorService 'applicationTaskExecutor'
2020-08-15 00:14:58.466  INFO 17818 --- [    Test worker] com.zaxxer.hikari.HikariDataSource       : HikariPool-1 - Starting...
2020-08-15 00:14:58.956  INFO 17818 --- [    Test worker] com.zaxxer.hikari.HikariDataSource       : HikariPool-1 - Start completed.
2020-08-15 00:14:59.234  INFO 17818 --- [    Test worker] o.s.b.w.embedded.tomcat.TomcatWebServer  : Tomcat started on port(s): 54412 (http) with context path ''
2020-08-15 00:14:59.254  INFO 17818 --- [    Test worker] com.cabtrip.CabTripAppTest               : Started CabTripAppTest in 5.489 seconds (JVM running for 6.845)
2020-08-15 00:15:00.532  INFO 17818 --- [o-auto-1-exec-1] o.a.c.c.C.[Tomcat].[localhost].[/]       : Initializing Spring DispatcherServlet 'dispatcherServlet'
2020-08-15 00:15:00.532  INFO 17818 --- [o-auto-1-exec-1] o.s.web.servlet.DispatcherServlet        : Initializing Servlet 'dispatcherServlet'
2020-08-15 00:15:00.591  INFO 17818 --- [o-auto-1-exec-1] o.s.web.servlet.DispatcherServlet        : Completed initialization in 59 ms
]]></system-out>
  <system-err><![CDATA[]]></system-err>
</testsuite>
